Crashlog created at 2013-04-16 14:56:00 +0000

===== MESSAGE:

Sass::SyntaxError: Undefined variable: "$vunit".

===== COMPILATION STACK:

  (empty)

===== STACK TRACE:

  0. content/stylesheets/forms.sass:7
  1. /home/sidekick/.rbenv/versions/2.0.0-rc1/lib/ruby/gems/2.0.0/gems/sass-3.2.7/lib/sass/script/variable.rb:49:in `_perform'
  2. /home/sidekick/.rbenv/versions/2.0.0-rc1/lib/ruby/gems/2.0.0/gems/sass-3.2.7/lib/sass/script/node.rb:40:in `perform'
  3. /home/sidekick/.rbenv/versions/2.0.0-rc1/lib/ruby/gems/2.0.0/gems/sass-3.2.7/lib/sass/tree/visitors/perform.rb:298:in `visit_prop'
  4. /home/sidekick/.rbenv/versions/2.0.0-rc1/lib/ruby/gems/2.0.0/gems/sass-3.2.7/lib/sass/tree/visitors/base.rb:37:in `visit'
  5. /home/sidekick/.rbenv/versions/2.0.0-rc1/lib/ruby/gems/2.0.0/gems/sass-3.2.7/lib/sass/tree/visitors/perform.rb:100:in `visit'
  6. /home/sidekick/.rbenv/versions/2.0.0-rc1/lib/ruby/gems/2.0.0/gems/sass-3.2.7/lib/sass/tree/visitors/base.rb:53:in `block in visit_children'
  7. /home/sidekick/.rbenv/versions/2.0.0-rc1/lib/ruby/gems/2.0.0/gems/sass-3.2.7/lib/sass/tree/visitors/base.rb:53:in `map'
  8. /home/sidekick/.rbenv/versions/2.0.0-rc1/lib/ruby/gems/2.0.0/gems/sass-3.2.7/lib/sass/tree/visitors/base.rb:53:in `visit_children'
  9. /home/sidekick/.rbenv/versions/2.0.0-rc1/lib/ruby/gems/2.0.0/gems/sass-3.2.7/lib/sass/tree/visitors/perform.rb:109:in `block in visit_children'
  10. /home/sidekick/.rbenv/versions/2.0.0-rc1/lib/ruby/gems/2.0.0/gems/sass-3.2.7/lib/sass/tree/visitors/perform.rb:121:in `with_environment'
  11. /home/sidekick/.rbenv/versions/2.0.0-rc1/lib/ruby/gems/2.0.0/gems/sass-3.2.7/lib/sass/tree/visitors/perform.rb:108:in `visit_children'
  12. /home/sidekick/.rbenv/versions/2.0.0-rc1/lib/ruby/gems/2.0.0/gems/sass-3.2.7/lib/sass/tree/visitors/base.rb:37:in `block in visit'
  13. /home/sidekick/.rbenv/versions/2.0.0-rc1/lib/ruby/gems/2.0.0/gems/sass-3.2.7/lib/sass/tree/visitors/perform.rb:320:in `visit_rule'
  14. /home/sidekick/.rbenv/versions/2.0.0-rc1/lib/ruby/gems/2.0.0/gems/sass-3.2.7/lib/sass/tree/visitors/base.rb:37:in `visit'
  15. /home/sidekick/.rbenv/versions/2.0.0-rc1/lib/ruby/gems/2.0.0/gems/sass-3.2.7/lib/sass/tree/visitors/perform.rb:100:in `visit'
  16. /home/sidekick/.rbenv/versions/2.0.0-rc1/lib/ruby/gems/2.0.0/gems/sass-3.2.7/lib/sass/tree/visitors/base.rb:53:in `block in visit_children'
  17. /home/sidekick/.rbenv/versions/2.0.0-rc1/lib/ruby/gems/2.0.0/gems/sass-3.2.7/lib/sass/tree/visitors/base.rb:53:in `map'
  18. /home/sidekick/.rbenv/versions/2.0.0-rc1/lib/ruby/gems/2.0.0/gems/sass-3.2.7/lib/sass/tree/visitors/base.rb:53:in `visit_children'
  19. /home/sidekick/.rbenv/versions/2.0.0-rc1/lib/ruby/gems/2.0.0/gems/sass-3.2.7/lib/sass/tree/visitors/perform.rb:109:in `block in visit_children'
  20. /home/sidekick/.rbenv/versions/2.0.0-rc1/lib/ruby/gems/2.0.0/gems/sass-3.2.7/lib/sass/tree/visitors/perform.rb:121:in `with_environment'
  21. /home/sidekick/.rbenv/versions/2.0.0-rc1/lib/ruby/gems/2.0.0/gems/sass-3.2.7/lib/sass/tree/visitors/perform.rb:108:in `visit_children'
  22. /home/sidekick/.rbenv/versions/2.0.0-rc1/lib/ruby/gems/2.0.0/gems/sass-3.2.7/lib/sass/tree/visitors/base.rb:37:in `block in visit'
  23. /home/sidekick/.rbenv/versions/2.0.0-rc1/lib/ruby/gems/2.0.0/gems/sass-3.2.7/lib/sass/tree/visitors/perform.rb:320:in `visit_rule'
  24. /home/sidekick/.rbenv/versions/2.0.0-rc1/lib/ruby/gems/2.0.0/gems/sass-3.2.7/lib/sass/tree/visitors/base.rb:37:in `visit'
  25. /home/sidekick/.rbenv/versions/2.0.0-rc1/lib/ruby/gems/2.0.0/gems/sass-3.2.7/lib/sass/tree/visitors/perform.rb:100:in `visit'
  26. /home/sidekick/.rbenv/versions/2.0.0-rc1/lib/ruby/gems/2.0.0/gems/sass-3.2.7/lib/sass/tree/visitors/base.rb:53:in `block in visit_children'
  27. /home/sidekick/.rbenv/versions/2.0.0-rc1/lib/ruby/gems/2.0.0/gems/sass-3.2.7/lib/sass/tree/visitors/base.rb:53:in `map'
  28. /home/sidekick/.rbenv/versions/2.0.0-rc1/lib/ruby/gems/2.0.0/gems/sass-3.2.7/lib/sass/tree/visitors/base.rb:53:in `visit_children'
  29. /home/sidekick/.rbenv/versions/2.0.0-rc1/lib/ruby/gems/2.0.0/gems/sass-3.2.7/lib/sass/tree/visitors/perform.rb:109:in `block in visit_children'
  30. /home/sidekick/.rbenv/versions/2.0.0-rc1/lib/ruby/gems/2.0.0/gems/sass-3.2.7/lib/sass/tree/visitors/perform.rb:121:in `with_environment'
  31. /home/sidekick/.rbenv/versions/2.0.0-rc1/lib/ruby/gems/2.0.0/gems/sass-3.2.7/lib/sass/tree/visitors/perform.rb:108:in `visit_children'
  32. /home/sidekick/.rbenv/versions/2.0.0-rc1/lib/ruby/gems/2.0.0/gems/sass-3.2.7/lib/sass/tree/visitors/base.rb:37:in `block in visit'
  33. /home/sidekick/.rbenv/versions/2.0.0-rc1/lib/ruby/gems/2.0.0/gems/sass-3.2.7/lib/sass/tree/visitors/perform.rb:128:in `visit_root'
  34. /home/sidekick/.rbenv/versions/2.0.0-rc1/lib/ruby/gems/2.0.0/gems/sass-3.2.7/lib/sass/tree/visitors/base.rb:37:in `visit'
  35. /home/sidekick/.rbenv/versions/2.0.0-rc1/lib/ruby/gems/2.0.0/gems/sass-3.2.7/lib/sass/tree/visitors/perform.rb:100:in `visit'
  36. /home/sidekick/.rbenv/versions/2.0.0-rc1/lib/ruby/gems/2.0.0/gems/sass-3.2.7/lib/sass/tree/visitors/perform.rb:7:in `visit'
  37. /home/sidekick/.rbenv/versions/2.0.0-rc1/lib/ruby/gems/2.0.0/gems/sass-3.2.7/lib/sass/tree/root_node.rb:20:in `render'
  38. /home/sidekick/.rbenv/versions/2.0.0-rc1/lib/ruby/gems/2.0.0/gems/sass-3.2.7/lib/sass/engine.rb:315:in `_render'
  39. /home/sidekick/.rbenv/versions/2.0.0-rc1/lib/ruby/gems/2.0.0/gems/sass-3.2.7/lib/sass/engine.rb:262:in `render'
  40. /home/sidekick/.rbenv/versions/2.0.0-rc1/lib/ruby/gems/2.0.0/gems/nanoc-3.6.2/lib/nanoc/filters/sass.rb:40:in `run'
  41. /home/sidekick/.rbenv/versions/2.0.0-rc1/lib/ruby/gems/2.0.0/gems/nanoc-3.6.2/lib/nanoc/base/compilation/filter.rb:122:in `setup_and_run'
  42. /home/sidekick/.rbenv/versions/2.0.0-rc1/lib/ruby/gems/2.0.0/gems/nanoc-3.6.2/lib/nanoc/base/result_data/item_rep.rb:344:in `filter'
  43. /home/sidekick/.rbenv/versions/2.0.0-rc1/lib/ruby/gems/2.0.0/gems/nanoc-3.6.2/lib/nanoc/base/compilation/item_rep_proxy.rb:47:in `filter'
  44. /home/sidekick/.rbenv/versions/2.0.0-rc1/lib/ruby/gems/2.0.0/gems/nanoc-3.6.2/lib/nanoc/base/compilation/rule_context.rb:55:in `filter'
  45. ./Rules:18:in `block in load'
  46. /home/sidekick/.rbenv/versions/2.0.0-rc1/lib/ruby/gems/2.0.0/gems/nanoc-3.6.2/lib/nanoc/base/compilation/rule.rb:68:in `instance_eval'
  47. /home/sidekick/.rbenv/versions/2.0.0-rc1/lib/ruby/gems/2.0.0/gems/nanoc-3.6.2/lib/nanoc/base/compilation/rule.rb:68:in `apply_to'
  48. /home/sidekick/.rbenv/versions/2.0.0-rc1/lib/ruby/gems/2.0.0/gems/nanoc-3.6.2/lib/nanoc/base/compilation/compiler.rb:383:in `compile_rep'
  49. /home/sidekick/.rbenv/versions/2.0.0-rc1/lib/ruby/gems/2.0.0/gems/nanoc-3.6.2/lib/nanoc/base/compilation/compiler.rb:339:in `block in compile_reps'
  50. /home/sidekick/.rbenv/versions/2.0.0-rc1/lib/ruby/gems/2.0.0/gems/nanoc-3.6.2/lib/nanoc/base/compilation/compiler.rb:332:in `loop'
  51. /home/sidekick/.rbenv/versions/2.0.0-rc1/lib/ruby/gems/2.0.0/gems/nanoc-3.6.2/lib/nanoc/base/compilation/compiler.rb:332:in `compile_reps'
  52. /home/sidekick/.rbenv/versions/2.0.0-rc1/lib/ruby/gems/2.0.0/gems/nanoc-3.6.2/lib/nanoc/base/compilation/compiler.rb:89:in `run'
  53. /home/sidekick/.rbenv/versions/2.0.0-rc1/lib/ruby/gems/2.0.0/gems/nanoc-3.6.2/lib/nanoc/base/source_data/site.rb:58:in `compile'
  54. /home/sidekick/.rbenv/versions/2.0.0-rc1/lib/ruby/gems/2.0.0/gems/nanoc-3.6.2/lib/nanoc/cli/commands/watch.rb:42:in `block in run'
  55. /home/sidekick/.rbenv/versions/2.0.0-rc1/lib/ruby/gems/2.0.0/gems/nanoc-3.6.2/lib/nanoc/cli/commands/watch.rb:78:in `call'
  56. /home/sidekick/.rbenv/versions/2.0.0-rc1/lib/ruby/gems/2.0.0/gems/nanoc-3.6.2/lib/nanoc/cli/commands/watch.rb:78:in `block in run'
  57. /home/sidekick/.rbenv/versions/2.0.0-rc1/lib/ruby/gems/2.0.0/gems/listen-0.7.3/lib/listen/multi_listener.rb:108:in `call'
  58. /home/sidekick/.rbenv/versions/2.0.0-rc1/lib/ruby/gems/2.0.0/gems/listen-0.7.3/lib/listen/multi_listener.rb:108:in `on_change'
  59. /home/sidekick/.rbenv/versions/2.0.0-rc1/lib/ruby/gems/2.0.0/gems/listen-0.7.3/lib/listen/multi_listener.rb:117:in `block in initialize_adapter'
  60. /home/sidekick/.rbenv/versions/2.0.0-rc1/lib/ruby/gems/2.0.0/gems/listen-0.7.3/lib/listen/adapters/polling.rb:56:in `call'
  61. /home/sidekick/.rbenv/versions/2.0.0-rc1/lib/ruby/gems/2.0.0/gems/listen-0.7.3/lib/listen/adapters/polling.rb:56:in `poll'
  ... 64 more lines omitted. See full crash log for details.

===== VERSION INFORMATION:

nanoc 3.6.2 © 2007-2013 Denis Defreyne.
Running ruby 2.0.0 (2013-01-07) on x86_64-linux with RubyGems 2.0.0.preview3.1.

===== SYSTEM INFORMATION:

Linux vagrant 3.2.0-4-amd64 #1 SMP Debian 3.2.32-1 x86_64 GNU/Linux

===== INSTALLED GEMS:

  asdf 0.5.0
  bundler 1.3.5
  coffee-script 2.2.0
  coffee-script-source 1.6.2
  colored 1.2
  cri 2.3.0
  execjs 1.4.0
  listen 0.7.3
  mime-types 1.22
  multi_json 1.7.2
  nanoc 3.6.2
  rack 1.2.8
  sass 3.2.7

===== ENVIRONMENT:

BUNDLE_BIN_PATH => "/home/sidekick/.rbenv/versions/2.0.0-rc1/lib/ruby/gems/2.0.0/gems/bundler-1.3.5/bin/bundle"
BUNDLE_GEMFILE => "/home/sidekick/lint-config/Gemfile"
GEM_HOME => "/home/sidekick/.rbenv/versions/2.0.0-rc1/lib/ruby/gems/2.0.0"
GEM_PATH => "/home/sidekick/.rbenv/versions/2.0.0-rc1/lib/ruby/gems/2.0.0:/home/sidekick/.gem/ruby/2.0.0"
HOME => "/home/sidekick"
LANG => "en_US.UTF-8"
LOGNAME => "sidekick"
LS_COLORS => "rs=0:di=01;34:ln=01;36:mh=00:pi=40;33:so=01;35:do=01;35:bd=40;33;01:cd=40;33;01:or=40;31;01:su=37;41:sg=30;43:ca=30;41:tw=30;42:ow=34;42:st=37;44:ex=01;32:*.tar=01;31:*.tgz=01;31:*.arj=01;31:*.taz=01;31:*.lzh=01;31:*.lzma=01;31:*.tlz=01;31:*.txz=01;31:*.zip=01;31:*.z=01;31:*.Z=01;31:*.dz=01;31:*.gz=01;31:*.lz=01;31:*.xz=01;31:*.bz2=01;31:*.bz=01;31:*.tbz=01;31:*.tbz2=01;31:*.tz=01;31:*.deb=01;31:*.rpm=01;31:*.jar=01;31:*.war=01;31:*.ear=01;31:*.sar=01;31:*.rar=01;31:*.ace=01;31:*.zoo=01;31:*.cpio=01;31:*.7z=01;31:*.rz=01;31:*.jpg=01;35:*.jpeg=01;35:*.gif=01;35:*.bmp=01;35:*.pbm=01;35:*.pgm=01;35:*.ppm=01;35:*.tga=01;35:*.xbm=01;35:*.xpm=01;35:*.tif=01;35:*.tiff=01;35:*.png=01;35:*.svg=01;35:*.svgz=01;35:*.mng=01;35:*.pcx=01;35:*.mov=01;35:*.mpg=01;35:*.mpeg=01;35:*.m2v=01;35:*.mkv=01;35:*.webm=01;35:*.ogm=01;35:*.mp4=01;35:*.m4v=01;35:*.mp4v=01;35:*.vob=01;35:*.qt=01;35:*.nuv=01;35:*.wmv=01;35:*.asf=01;35:*.rm=01;35:*.rmvb=01;35:*.flc=01;35:*.avi=01;35:*.fli=01;35:*.flv=01;35:*.gl=01;35:*.dl=01;35:*.xcf=01;35:*.xwd=01;35:*.yuv=01;35:*.cgm=01;35:*.emf=01;35:*.axv=01;35:*.anx=01;35:*.ogv=01;35:*.ogx=01;35:*.aac=00;36:*.au=00;36:*.flac=00;36:*.mid=00;36:*.midi=00;36:*.mka=00;36:*.mp3=00;36:*.mpc=00;36:*.ogg=00;36:*.ra=00;36:*.wav=00;36:*.axa=00;36:*.oga=00;36:*.spx=00;36:*.xspf=00;36:"
MAIL => "/var/mail/sidekick"
PATH => "/home/sidekick/.rbenv/versions/2.0.0-rc1/lib/ruby/gems/2.0.0/bin:/home/sidekick/.rbenv/versions/2.0.0-rc1/bin:/home/sidekick/.rbenv/libexec:/home/sidekick/.rbenv/plugins/ruby-build/bin:/home/sidekick/.rbenv/bin:/home/sidekick/.rbenv/shims:/usr/local/bin:/usr/bin:/bin:/usr/local/games:/usr/games:node_modules/.bin"
PWD => "/home/sidekick/lint-config"
RBENV_DIR => "/home/sidekick/lint-config"
RBENV_HOOK_PATH => ":/home/sidekick/.rbenv/rbenv.d:/usr/local/etc/rbenv.d:/etc/rbenv.d:/usr/lib/rbenv/hooks"
RBENV_ROOT => "/home/sidekick/.rbenv"
RBENV_VERSION => "2.0.0-rc1"
RUBYOPT => "-I/home/sidekick/.rbenv/versions/2.0.0-rc1/lib/ruby/gems/2.0.0/gems/bundler-1.3.5/lib -rbundler/setup"
SHELL => "/bin/bash"
SHLVL => "3"
SUDO_COMMAND => "/bin/bash"
SUDO_GID => "1000"
SUDO_UID => "1000"
SUDO_USER => "vagrant"
TERM => "screen"
TMUX => "/tmp/tmux-0/default,3844,0"
TMUX_PANE => "%2"
USER => "sidekick"
USERNAME => "root"

===== GEMFILE.LOCK:

GEM
  remote: https://rubygems.org/
  specs:
    asdf (0.5.0)
      rack (~> 1.2.1)
    coffee-script (2.2.0)
      coffee-script-source
      execjs
    coffee-script-source (1.6.2)
    colored (1.2)
    cri (2.3.0)
      colored (>= 1.2)
    execjs (1.4.0)
      multi_json (~> 1.0)
    listen (0.7.3)
    mime-types (1.22)
    multi_json (1.7.2)
    nanoc (3.6.2)
      cri (~> 2.3)
    rack (1.2.8)
    sass (3.2.7)

PLATFORMS
  ruby

DEPENDENCIES
  asdf
  coffee-script
  listen
  mime-types
  nanoc
  sass

===== LOAD PATHS:

  0. /home/sidekick/.rbenv/versions/2.0.0-rc1/lib/ruby/gems/2.0.0/gems/nanoc-3.6.2/lib
  1. /home/sidekick/.rbenv/versions/2.0.0-rc1/lib/ruby/gems/2.0.0/gems/sass-3.2.7/lib
  2. /home/sidekick/.rbenv/versions/2.0.0-rc1/lib/ruby/gems/2.0.0/gems/nanoc-3.6.2/lib
  3. /home/sidekick/.rbenv/versions/2.0.0-rc1/lib/ruby/gems/2.0.0/gems/mime-types-1.22/lib
  4. /home/sidekick/.rbenv/versions/2.0.0-rc1/lib/ruby/gems/2.0.0/gems/listen-0.7.3/lib
  5. /home/sidekick/.rbenv/versions/2.0.0-rc1/lib/ruby/gems/2.0.0/gems/cri-2.3.0/lib
  6. /home/sidekick/.rbenv/versions/2.0.0-rc1/lib/ruby/gems/2.0.0/gems/colored-1.2/lib
  7. /home/sidekick/.rbenv/versions/2.0.0-rc1/lib/ruby/gems/2.0.0/gems/coffee-script-2.2.0/lib
  8. /home/sidekick/.rbenv/versions/2.0.0-rc1/lib/ruby/gems/2.0.0/gems/execjs-1.4.0/lib
  9. /home/sidekick/.rbenv/versions/2.0.0-rc1/lib/ruby/gems/2.0.0/gems/multi_json-1.7.2/lib
  10. /home/sidekick/.rbenv/versions/2.0.0-rc1/lib/ruby/gems/2.0.0/gems/coffee-script-source-1.6.2/lib
  11. /home/sidekick/.rbenv/versions/2.0.0-rc1/lib/ruby/gems/2.0.0/gems/asdf-0.5.0/lib
  12. /home/sidekick/.rbenv/versions/2.0.0-rc1/lib/ruby/gems/2.0.0/gems/rack-1.2.8/lib
  13. /home/sidekick/.rbenv/versions/2.0.0-rc1/lib/ruby/gems/2.0.0/gems/bundler-1.3.5/lib
  14. /home/sidekick/.rbenv/versions/2.0.0-rc1/lib/ruby/site_ruby/2.0.0
  15. /home/sidekick/.rbenv/versions/2.0.0-rc1/lib/ruby/site_ruby/2.0.0/x86_64-linux
  16. /home/sidekick/.rbenv/versions/2.0.0-rc1/lib/ruby/site_ruby
  17. /home/sidekick/.rbenv/versions/2.0.0-rc1/lib/ruby/vendor_ruby/2.0.0
  18. /home/sidekick/.rbenv/versions/2.0.0-rc1/lib/ruby/vendor_ruby/2.0.0/x86_64-linux
  19. /home/sidekick/.rbenv/versions/2.0.0-rc1/lib/ruby/vendor_ruby
  20. /home/sidekick/.rbenv/versions/2.0.0-rc1/lib/ruby/2.0.0
  21. /home/sidekick/.rbenv/versions/2.0.0-rc1/lib/ruby/2.0.0/x86_64-linux
